<?xml version="1.0" encoding="UTF-8"?>
<!-- Generated by org.testng.reporters.JUnitReportReporter -->
<testsuite skipped="0" hostname="Vasile-PC" name="testcases.TestCase1" tests="1" failures="0" timestamp="2020-06-20T15:12:37 EEST" time="0.003" errors="0">
  <testcase name="doNothing" time="0.003" classname="testcases.TestCase1"/>
  <system-out/>
</testsuite> <!-- testcases.TestCase1 -->
