<?xml version="1.0" encoding="UTF-8"?>
<!-- Generated by org.testng.reporters.JUnitReportReporter -->
<testsuite skipped="0" hostname="Vasile-PC" name="test_GRID.Test1xml" tests="3" failures="0" timestamp="2020-06-23T23:12:40 EEST" time="30.936" errors="0">
  <testcase name="openGoogle" time="9.550" classname="test_GRID.Test1xml"/>
  <system-out/>
  <testcase name="openGoogle" time="9.793" classname="test_GRID.Test1xml"/>
  <system-out/>
  <testcase name="openGoogle" time="11.593" classname="test_GRID.Test1xml"/>
  <system-out/>
</testsuite> <!-- test_GRID.Test1xml -->
