<?xml version="1.0" encoding="UTF-8"?>
<!-- Generated by org.testng.reporters.JUnitReportReporter -->
<testsuite skipped="0" hostname="Vasile-PC" name="regression.TestCase1" tests="2" failures="0" timestamp="2020-06-20T15:12:37 EEST" time="0.001" errors="0">
  <testcase name="doUserReg" time="0.001" classname="regression.TestCase1"/>
  <system-out/>
  <testcase name="doLogin" time="0.000" classname="regression.TestCase1"/>
  <system-out/>
</testsuite> <!-- regression.TestCase1 -->
