<?xml version="1.0" encoding="UTF-8"?>
<!-- Generated by org.testng.reporters.JUnitReportReporter -->
<testsuite skipped="0" hostname="Vasile-PC" name="parameterization.TestNGParameterizationExcelHashTable" tests="5" failures="0" timestamp="2020-06-21T13:01:12 EEST" time="0.006" errors="0">
  <testcase name="testData" time="0.000" classname="parameterization.TestNGParameterizationExcelHashTable"/>
  <system-out/>
  <testcase name="testData" time="0.000" classname="parameterization.TestNGParameterizationExcelHashTable"/>
  <system-out/>
  <testcase name="testData" time="0.001" classname="parameterization.TestNGParameterizationExcelHashTable"/>
  <system-out/>
  <testcase name="testData" time="0.004" classname="parameterization.TestNGParameterizationExcelHashTable"/>
  <system-out/>
  <testcase name="testData" time="0.001" classname="parameterization.TestNGParameterizationExcelHashTable"/>
  <system-out/>
</testsuite> <!-- parameterization.TestNGParameterizationExcelHashTable -->
