<?xml version="1.0" encoding="UTF-8"?>
<!-- Generated by org.testng.reporters.JUnitReportReporter -->
<testsuite skipped="0" hostname="Vasile-PC" name="parallelTest.TestParallelDP" tests="2" failures="0" timestamp="2020-06-21T14:34:18 EEST" time="4.022" errors="0">
  <testcase name="doLogin" time="2.011" classname="parallelTest.TestParallelDP"/>
  <system-out/>
  <testcase name="doLogin" time="2.011" classname="parallelTest.TestParallelDP"/>
  <system-out/>
</testsuite> <!-- parallelTest.TestParallelDP -->
