<?xml version="1.0" encoding="UTF-8"?>
<!-- Generated by org.testng.reporters.JUnitReportReporter -->
<testsuite skipped="1" hostname="Vasile-PC" name="testcases.TestSkip" tests="1" failures="0" timestamp="2020-06-20T15:12:37 EEST" time="0.000" errors="0">
  <testcase name="isSkip" time="0.000" classname="testcases.TestSkip">
    <skipped/>
  </testcase> <!-- isSkip -->
  <system-out/>
</testsuite> <!-- testcases.TestSkip -->
