<?xml version="1.0" encoding="UTF-8"?>
<!-- Generated by org.testng.reporters.JUnitReportReporter -->
<testsuite skipped="0" hostname="Vasile-PC" name="parameterization.NewLoginTest" tests="4" failures="0" timestamp="2020-06-21T13:43:57 EEST" time="0.007" errors="0">
  <testcase name="doLoginTest" time="0.006" classname="parameterization.NewLoginTest"/>
  <system-out/>
  <testcase name="doLoginTest1" time="0.001" classname="parameterization.NewLoginTest"/>
  <system-out/>
  <testcase name="doLoginTest1" time="0.000" classname="parameterization.NewLoginTest"/>
  <system-out/>
  <testcase name="doLoginTest" time="0.000" classname="parameterization.NewLoginTest"/>
  <system-out/>
</testsuite> <!-- parameterization.NewLoginTest -->
