<?xml version="1.0" encoding="UTF-8"?>
<!-- Generated by org.testng.reporters.JUnitReportReporter -->
<testsuite skipped="0" hostname="Vasile-PC" name="parallelTest.TestBrowser" tests="2" failures="0" timestamp="2020-06-21T14:25:17 EEST" time="4.024" errors="0">
  <testcase name="doLogin" time="2.012" classname="parallelTest.TestBrowser"/>
  <system-out/>
  <testcase name="doLogin" time="2.012" classname="parallelTest.TestBrowser"/>
  <system-out/>
</testsuite> <!-- parallelTest.TestBrowser -->
