<?xml version="1.0" encoding="UTF-8"?>
<!-- Generated by org.testng.reporters.JUnitReportReporter -->
<testsuite skipped="0" hostname="Vasile-PC" name="parameterization.TestParameterFromXML" tests="2" failures="0" timestamp="2020-06-21T14:06:56 EEST" time="0.005" errors="0">
  <testcase name="test" time="0.005" classname="parameterization.TestParameterFromXML"/>
  <system-out/>
  <testcase name="test" time="0.000" classname="parameterization.TestParameterFromXML"/>
  <system-out/>
</testsuite> <!-- parameterization.TestParameterFromXML -->
