<?xml version="1.0" encoding="UTF-8"?>
<!-- Generated by org.testng.reporters.JUnitReportReporter -->
<testsuite skipped="0" hostname="Vasile-PC" name="parameterization.TestParameterization" tests="3" failures="0" timestamp="2020-06-20T15:50:12 EEST" time="0.004" errors="0">
  <testcase name="doLogin" time="0.003" classname="parameterization.TestParameterization"/>
  <system-out/>
  <testcase name="doLogin" time="0.000" classname="parameterization.TestParameterization"/>
  <system-out/>
  <testcase name="doLogin" time="0.001" classname="parameterization.TestParameterization"/>
  <system-out/>
</testsuite> <!-- parameterization.TestParameterization -->
