<?xml version="1.0" encoding="UTF-8"?>
<!-- Generated by org.testng.reporters.JUnitReportReporter -->
<testsuite skipped="0" hostname="Vasile-PC" name="parameterization.TestNGParameterizationExcel" tests="5" failures="0" timestamp="2020-06-20T16:55:34 EEST" time="0.005" errors="0">
  <testcase name="testData" time="0.000" classname="parameterization.TestNGParameterizationExcel"/>
  <system-out/>
  <testcase name="testData" time="0.000" classname="parameterization.TestNGParameterizationExcel"/>
  <system-out/>
  <testcase name="testData" time="0.000" classname="parameterization.TestNGParameterizationExcel"/>
  <system-out/>
  <testcase name="testData" time="0.001" classname="parameterization.TestNGParameterizationExcel"/>
  <system-out/>
  <testcase name="testData" time="0.004" classname="parameterization.TestNGParameterizationExcel"/>
  <system-out/>
</testsuite> <!-- parameterization.TestNGParameterizationExcel -->
