<?xml version="1.0" encoding="UTF-8"?>
<!-- Generated by org.testng.reporters.JUnitReportReporter -->
<testsuite skipped="0" hostname="Vasile-PC" name="parameterization.DataProviders" tests="2" failures="0" timestamp="2020-06-21T13:33:10 EEST" time="0.004" errors="0">
  <testcase name="doLogin" time="0.000" classname="parameterization.DataProviders"/>
  <system-out/>
  <testcase name="doLogin" time="0.004" classname="parameterization.DataProviders"/>
  <system-out/>
</testsuite> <!-- parameterization.DataProviders -->
